{"/Users/tangsir/Documents/code/mtview/src/App.vue": {"path":"/Users/tangsir/Documents/code/mtview/src/App.vue","statementMap":{"0":{"start":{"line":1,"column":1},"end":{"line":18,"column":4}},"1":{"start":{"line":4,"column":0},"end":{"line":6,"column":3}},"2":{"start":{"line":15,"column":0},"end":{"line":17,"column":2}},"3":{"start":{"line":19,"column":0},"end":{"line":19,"column":70}},"4":{"start":{"line":19,"column":31},"end":{"line":19,"column":70}},"5":{"start":{"line":20,"column":24},"end":{"line":20,"column":100}},"6":{"start":{"line":21,"column":0},"end":{"line":21,"column":227}},"7":{"start":{"line":21,"column":54},"end":{"line":21,"column":58}},"8":{"start":{"line":21,"column":66},"end":{"line":21,"column":84}},"9":{"start":{"line":21,"column":92},"end":{"line":21,"column":108}},"10":{"start":{"line":21,"column":109},"end":{"line":21,"column":226}},"11":{"start":{"line":22,"column":0},"end":{"line":22,"column":37}}},"fnMap":{"0":{"name":"(anonymous_0)","decl":{"start":{"line":1,"column":2},"end":{"line":1,"column":3}},"loc":{"start":{"line":1,"column":12},"end":{"line":18,"column":1}},"line":1},"1":{"name":"render","decl":{"start":{"line":21,"column":35},"end":{"line":21,"column":41}},"loc":{"start":{"line":21,"column":45},"end":{"line":21,"column":227}},"line":21}},"branchMap":{"0":{"loc":{"start":{"line":19,"column":0},"end":{"line":19,"column":70}},"type":"if","locations":[{"start":{"line":19,"column":0},"end":{"line":19,"column":70}},{"start":{"line":19,"column":0},"end":{"line":19,"column":70}}],"line":19},"1":{"loc":{"start":{"line":20,"column":24},"end":{"line":20,"column":100}},"type":"cond-expr","locations":[{"start":{"line":20,"column":62},"end":{"line":20,"column":84}},{"start":{"line":20,"column":86},"end":{"line":20,"column":100}}],"line":20},"2":{"loc":{"start":{"line":21,"column":92},"end":{"line":21,"column":108}},"type":"binary-expr","locations":[{"start":{"line":21,"column":92},"end":{"line":21,"column":104}},{"start":{"line":21,"column":106},"end":{"line":21,"column":108}}],"line":21}},"s":{"0":0,"1":0,"2":0,"3":0,"4":0,"5":0,"6":0,"7":0,"8":0,"9":0,"10":0,"11":0},"f":{"0":0,"1":0},"b":{"0":[0,0],"1":[0,0],"2":[0,0]}}
,"/Users/tangsir/Documents/code/mtview/src/components/HelloWorld.vue": {"path":"/Users/tangsir/Documents/code/mtview/src/components/HelloWorld.vue","statementMap":{"0":{"start":{"line":1,"column":1},"end":{"line":38,"column":4}},"1":{"start":{"line":4,"column":0},"end":{"line":6,"column":3}},"2":{"start":{"line":30,"column":0},"end":{"line":37,"column":2}},"3":{"start":{"line":33,"column":4},"end":{"line":35,"column":6}},"4":{"start":{"line":39,"column":0},"end":{"line":39,"column":70}},"5":{"start":{"line":39,"column":31},"end":{"line":39,"column":70}},"6":{"start":{"line":40,"column":24},"end":{"line":40,"column":100}},"7":{"start":{"line":41,"column":0},"end":{"line":41,"column":345}},"8":{"start":{"line":41,"column":54},"end":{"line":41,"column":58}},"9":{"start":{"line":41,"column":66},"end":{"line":41,"column":84}},"10":{"start":{"line":41,"column":92},"end":{"line":41,"column":108}},"11":{"start":{"line":41,"column":109},"end":{"line":41,"column":344}},"12":{"start":{"line":42,"column":0},"end":{"line":42,"column":1305}},"13":{"start":{"line":42,"column":64},"end":{"line":42,"column":68}},"14":{"start":{"line":42,"column":76},"end":{"line":42,"column":94}},"15":{"start":{"line":42,"column":102},"end":{"line":42,"column":118}},"16":{"start":{"line":42,"column":119},"end":{"line":42,"column":740}},"17":{"start":{"line":42,"column":770},"end":{"line":42,"column":774}},"18":{"start":{"line":42,"column":782},"end":{"line":42,"column":800}},"19":{"start":{"line":42,"column":808},"end":{"line":42,"column":824}},"20":{"start":{"line":42,"column":825},"end":{"line":42,"column":1303}}},"fnMap":{"0":{"name":"(anonymous_0)","decl":{"start":{"line":1,"column":2},"end":{"line":1,"column":3}},"loc":{"start":{"line":1,"column":12},"end":{"line":38,"column":1}},"line":1},"1":{"name":"render","decl":{"start":{"line":41,"column":35},"end":{"line":41,"column":41}},"loc":{"start":{"line":41,"column":45},"end":{"line":41,"column":345}},"line":41},"2":{"name":"render","decl":{"start":{"line":42,"column":45},"end":{"line":42,"column":51}},"loc":{"start":{"line":42,"column":55},"end":{"line":42,"column":741}},"line":42},"3":{"name":"render","decl":{"start":{"line":42,"column":751},"end":{"line":42,"column":757}},"loc":{"start":{"line":42,"column":761},"end":{"line":42,"column":1304}},"line":42}},"branchMap":{"0":{"loc":{"start":{"line":39,"column":0},"end":{"line":39,"column":70}},"type":"if","locations":[{"start":{"line":39,"column":0},"end":{"line":39,"column":70}},{"start":{"line":39,"column":0},"end":{"line":39,"column":70}}],"line":39},"1":{"loc":{"start":{"line":40,"column":24},"end":{"line":40,"column":100}},"type":"cond-expr","locations":[{"start":{"line":40,"column":62},"end":{"line":40,"column":84}},{"start":{"line":40,"column":86},"end":{"line":40,"column":100}}],"line":40},"2":{"loc":{"start":{"line":41,"column":92},"end":{"line":41,"column":108}},"type":"binary-expr","locations":[{"start":{"line":41,"column":92},"end":{"line":41,"column":104}},{"start":{"line":41,"column":106},"end":{"line":41,"column":108}}],"line":41},"3":{"loc":{"start":{"line":42,"column":102},"end":{"line":42,"column":118}},"type":"binary-expr","locations":[{"start":{"line":42,"column":102},"end":{"line":42,"column":114}},{"start":{"line":42,"column":116},"end":{"line":42,"column":118}}],"line":42},"4":{"loc":{"start":{"line":42,"column":808},"end":{"line":42,"column":824}},"type":"binary-expr","locations":[{"start":{"line":42,"column":808},"end":{"line":42,"column":820}},{"start":{"line":42,"column":822},"end":{"line":42,"column":824}}],"line":42}},"s":{"0":0,"1":0,"2":0,"3":0,"4":0,"5":0,"6":0,"7":0,"8":0,"9":0,"10":0,"11":0,"12":0,"13":0,"14":0,"15":0,"16":0,"17":0,"18":0,"19":0,"20":0},"f":{"0":0,"1":0,"2":0,"3":0},"b":{"0":[0,0],"1":[0,0],"2":[0,0],"3":[0,0],"4":[0,0]}}
}
